Epoch 1/10
step 0000 | loss 5.8107
step 0020 | loss 4.0075
step 0040 | loss 8.0039
step 0060 | loss 12.1909
step 0080 | loss 7.6495
step 0100 | loss 1.6745
step 0120 | loss 1.9175
step 0140 | loss 6.3103
step 0160 | loss 6.4215
step 0180 | loss 5.8482
step 0200 | loss 3.8356
step 0220 | loss 5.1576
step 0240 | loss 3.8965
step 0260 | loss 7.6876
step 0280 | loss 4.2225
step 0300 | loss 2.4250
step 0320 | loss 5.0474
step 0340 | loss 4.3720
step 0360 | loss 5.9244
step 0380 | loss 7.6261
step 0400 | loss 4.5601
step 0420 | loss 4.3801
step 0440 | loss 3.5544
step 0460 | loss 1.8650
step 0480 | loss 8.6326
step 0500 | loss 2.9726
step 0520 | loss 2.7791
step 0540 | loss 1.4095
step 0560 | loss 7.8926
step 0580 | loss 1.8801
step 0600 | loss 1.9437
step 0620 | loss 4.0092
step 0640 | loss 5.8964
step 0660 | loss 4.8324
step 0680 | loss 2.3547
step 0700 | loss 2.9390
step 0720 | loss 1.7082
step 0740 | loss 1.3345
step 0760 | loss 2.3391
step 0780 | loss 1.3658
step 0800 | loss 2.8060
step 0820 | loss 3.1764
step 0840 | loss 1.1802
step 0860 | loss 5.6102
step 0880 | loss 4.6844
step 0900 | loss 2.8107
step 0920 | loss 5.9869
step 0940 | loss 7.6651
step 0960 | loss 2.4537
step 0980 | loss 2.7293
step 1000 | loss 1.8044
step 1020 | loss 7.2661
step 1040 | loss 4.7185
step 1060 | loss 1.4188
step 1080 | loss 4.0376
step 1100 | loss 3.6965
step 1120 | loss 6.9371
step 1140 | loss 1.4198
step 1160 | loss 1.4715
step 1180 | loss 4.0910
step 1200 | loss 1.9893
step 1220 | loss 7.7139
step 1240 | loss 7.2451
step 1260 | loss 8.1469
step 1280 | loss 1.6129
step 1300 | loss 8.2160
step 1320 | loss 4.7569
step 1340 | loss 2.3339
step 1360 | loss 1.9053
step 1380 | loss 1.9797
step 1400 | loss 5.7464
step 1420 | loss 3.2732
step 1440 | loss 2.4777
step 1460 | loss 5.7515
step 1480 | loss 3.6697
step 1500 | loss 6.8401
step 1520 | loss 9.2348
step 1540 | loss 3.1472
step 1560 | loss 2.0159
step 1580 | loss 6.9748
step 1600 | loss 3.4105
step 1620 | loss 1.4309
step 1640 | loss 1.4802
step 1660 | loss 1.6207
step 1680 | loss 2.6798
step 1700 | loss 2.4255
step 1720 | loss 1.0316
step 1740 | loss 1.4910
step 1760 | loss 2.3833
step 1780 | loss 1.4426
step 1800 | loss 2.0964
step 1820 | loss 3.6334
step 1840 | loss 1.3159
step 1860 | loss 2.3363
step 1880 | loss 1.7597
step 1900 | loss 1.2717
step 1920 | loss 8.1826
step 1940 | loss 5.3590
step 1960 | loss 2.3821
step 1980 | loss 2.6063
step 2000 | loss 4.1500
step 2020 | loss 4.6503
step 2040 | loss 1.0949
step 2060 | loss 1.5827
step 2080 | loss 2.0189
step 2100 | loss 1.6946
step 2120 | loss 3.1505
step 2140 | loss 4.4326
step 2160 | loss 6.1305
step 2180 | loss 3.4226
step 2200 | loss 1.3531
step 2220 | loss 2.0927
step 2240 | loss 2.4647
step 2260 | loss 7.0139
step 2280 | loss 2.6022
step 2300 | loss 3.1713
step 2320 | loss 4.4420
step 2340 | loss 2.6988
step 2360 | loss 1.7972
step 2380 | loss 4.5226
step 2400 | loss 5.9117
step 2420 | loss 1.3562
step 2440 | loss 3.2194
step 2460 | loss 2.5200
step 2480 | loss 5.5233
step 2500 | loss 2.1501
step 2520 | loss 2.7484
step 2540 | loss 2.3907
train loss:    4.0642
val loss:      3.6512
val si-RMSE:   0.6749
saved new best checkpoint

Epoch 2/10
step 0000 | loss 2.0163
step 0020 | loss 5.2116
step 0040 | loss 3.5257
step 0060 | loss 3.4783
step 0080 | loss 6.3482
step 0100 | loss 1.0561
step 0120 | loss 4.9438
step 0140 | loss 2.6723
step 0160 | loss 6.7087
step 0180 | loss 2.1769
step 0200 | loss 3.8808
step 0220 | loss 5.6372
step 0240 | loss 2.7171
step 0260 | loss 1.7453
step 0280 | loss 4.9376
step 0300 | loss 3.1387
step 0320 | loss 5.9497
step 0340 | loss 6.8677
step 0360 | loss 2.9025
step 0380 | loss 3.5838
step 0400 | loss 3.3603
step 0420 | loss 5.7712
step 0440 | loss 1.5715
step 0460 | loss 3.7770
step 0480 | loss 0.9993
step 0500 | loss 4.2728
step 0520 | loss 4.4894
step 0540 | loss 4.7413
step 0560 | loss 7.0938
step 0580 | loss 3.5687
step 0600 | loss 7.8386
step 0620 | loss 3.1943
step 0640 | loss 3.7913
step 0660 | loss 1.3059
step 0680 | loss 1.7206
step 0700 | loss 5.5935
step 0720 | loss 2.1994
step 0740 | loss 1.9445
step 0760 | loss 3.2592
step 0780 | loss 3.7189
step 0800 | loss 2.0494
step 0820 | loss 5.9126
step 0840 | loss 5.8443
step 0860 | loss 3.3346
step 0880 | loss 5.9638
step 0900 | loss 4.4958
step 0920 | loss 3.4707
step 0940 | loss 2.1598
step 0960 | loss 2.7064
step 0980 | loss 1.7370
step 1000 | loss 6.2340
step 1020 | loss 2.2529
step 1040 | loss 1.7007
step 1060 | loss 3.0338
step 1080 | loss 4.4415
step 1100 | loss 3.4852
step 1120 | loss 5.2074
step 1140 | loss 4.2626
step 1160 | loss 7.3377
step 1180 | loss 2.2184
step 1200 | loss 5.1298
step 1220 | loss 3.1725
step 1240 | loss 4.4885
step 1260 | loss 5.1619
step 1280 | loss 6.6612
step 1300 | loss 15.3578
step 1320 | loss 5.6269
step 1340 | loss 1.9765
step 1360 | loss 16.9940
step 1380 | loss 7.5852
step 1400 | loss 5.0051
step 1420 | loss 3.8827
step 1440 | loss 1.4429
step 1460 | loss 9.5589
step 1480 | loss 3.5135
step 1500 | loss 8.4222
step 1520 | loss 7.5943
step 1540 | loss 8.8160
step 1560 | loss 1.7220
step 1580 | loss 5.0914
step 1600 | loss 6.0253
step 1620 | loss 3.3395
step 1640 | loss 4.5044
step 1660 | loss 4.0497
step 1680 | loss 2.5041
step 1700 | loss 4.1584
step 1720 | loss 1.1379
step 1740 | loss 3.9207
step 1760 | loss 4.6429
step 1780 | loss 3.5623
step 1800 | loss 3.6856
step 1820 | loss 3.5846
step 1840 | loss 3.9203
step 1860 | loss 1.0489
step 1880 | loss 4.2477
step 1900 | loss 4.4431
step 1920 | loss 4.1162
step 1940 | loss 4.6903
step 1960 | loss 6.3891
step 1980 | loss 1.0344
step 2000 | loss 0.9589
step 2020 | loss 1.4315
step 2040 | loss 4.6143
step 2060 | loss 3.4029
step 2080 | loss 2.4368
step 2100 | loss 2.4700
step 2120 | loss 1.8286
step 2140 | loss 4.9249
step 2160 | loss 3.2134
step 2180 | loss 1.3194
step 2200 | loss 6.2657
step 2220 | loss 2.2599
step 2240 | loss 5.4981
step 2260 | loss 3.2241
step 2280 | loss 4.9411
step 2300 | loss 3.7583
step 2320 | loss 2.6332
step 2340 | loss 6.2450
step 2360 | loss 1.9873
step 2380 | loss 3.2597
step 2400 | loss 0.8431
step 2420 | loss 4.6650
step 2440 | loss 8.8969
step 2460 | loss 3.8949
step 2480 | loss 1.7291
step 2500 | loss 2.3877
step 2520 | loss 3.9799
step 2540 | loss 3.2138
train loss:    3.8465
val loss:      2.6027
val si-RMSE:   0.6163
saved new best checkpoint

Epoch 3/10
step 0000 | loss 3.9080
step 0020 | loss 3.3142
step 0040 | loss 3.7542
step 0060 | loss 2.8393
step 0080 | loss 1.6044
step 0100 | loss 3.0747
step 0120 | loss 2.5795
step 0140 | loss 1.3754
step 0160 | loss 1.4258
step 0180 | loss 2.2088
step 0200 | loss 3.7708
step 0220 | loss 2.8360
step 0240 | loss 5.6546
step 0260 | loss 2.0034
step 0280 | loss 1.0811
step 0300 | loss 5.5722
step 0320 | loss 5.4533
step 0340 | loss 1.1960
step 0360 | loss 7.2738
step 0380 | loss 6.4950
step 0400 | loss 2.1633
step 0420 | loss 4.5511
step 0440 | loss 4.0207
step 0460 | loss 4.2630
step 0480 | loss 2.9153
step 0500 | loss 5.2892
step 0520 | loss 2.7455
step 0540 | loss 0.9727
step 0560 | loss 3.2706
step 0580 | loss 2.9943
step 0600 | loss 3.0434
step 0620 | loss 1.5708
step 0640 | loss 4.1720
step 0660 | loss 2.8999
step 0680 | loss 0.8766
step 0700 | loss 2.7340
step 0720 | loss 1.9549
step 0740 | loss 2.0451
step 0760 | loss 1.2547
step 0780 | loss 2.4321
step 0800 | loss 5.6274
step 0820 | loss 1.0905
step 0840 | loss 2.6100
step 0860 | loss 4.4118
step 0880 | loss 1.6495
step 0900 | loss 1.8320
step 0920 | loss 1.0648
step 0940 | loss 3.0739
step 0960 | loss 3.2533
step 0980 | loss 0.9255
step 1000 | loss 1.4139
step 1020 | loss 2.3414
step 1040 | loss 2.0286
step 1060 | loss 4.3485
step 1080 | loss 0.5472
step 1100 | loss 6.9989
step 1120 | loss 4.2873
step 1140 | loss 2.4260
step 1160 | loss 2.6647
step 1180 | loss 4.5595
step 1200 | loss 9.2930
step 1220 | loss 4.2609
step 1240 | loss 9.4804
step 1260 | loss 1.0232
step 1280 | loss 1.4090
step 1300 | loss 7.7711
step 1320 | loss 3.2644
step 1340 | loss 3.1159
step 1360 | loss 4.7803
step 1380 | loss 2.7636
step 1400 | loss 1.8199
step 1420 | loss 4.2569
step 1440 | loss 2.3195
step 1460 | loss 1.8502
step 1480 | loss 1.1950
step 1500 | loss 0.9605
step 1520 | loss 2.0985
step 1540 | loss 2.7596
step 1560 | loss 4.3770
step 1580 | loss 0.7740
step 1600 | loss 5.8431
step 1620 | loss 3.4455
step 1640 | loss 2.6016
step 1660 | loss 1.4259
step 1680 | loss 3.5998
step 1700 | loss 2.7572
step 1720 | loss 6.2426
step 1740 | loss 1.9277
step 1760 | loss 1.1241
step 1780 | loss 4.7768
step 1800 | loss 8.1116
step 1820 | loss 7.3713
step 1840 | loss 0.9530
step 1860 | loss 2.5979
step 1880 | loss 1.0556
step 1900 | loss 1.0319
step 1920 | loss 2.4902
step 1940 | loss 2.7645
step 1960 | loss 1.2582
step 1980 | loss 4.2651
step 2000 | loss 1.5736
step 2020 | loss 6.8665
step 2040 | loss 1.3512
step 2060 | loss 2.3913
step 2080 | loss 1.3319
step 2100 | loss 1.5502
step 2120 | loss 3.0138
step 2140 | loss 3.4098
step 2160 | loss 4.4324
step 2180 | loss 7.2077
step 2200 | loss 2.1123
step 2220 | loss 5.2260
step 2240 | loss 0.9309
step 2260 | loss 3.8549
step 2280 | loss 1.5814
step 2300 | loss 2.2116
step 2320 | loss 3.5742
step 2340 | loss 1.3797
step 2360 | loss 1.9299
step 2380 | loss 4.4873
step 2400 | loss 1.5772
step 2420 | loss 4.3827
step 2440 | loss 1.8753
step 2460 | loss 4.0781
step 2480 | loss 3.1886
step 2500 | loss 5.6452
step 2520 | loss 2.1376
step 2540 | loss 4.6608
train loss:    3.0438
val loss:      3.0331
val si-RMSE:   0.6250

Epoch 4/10
step 0000 | loss 2.1521
step 0020 | loss 1.1471
step 0040 | loss 3.1613
step 0060 | loss 1.6845
step 0080 | loss 3.6969
step 0100 | loss 0.8627
step 0120 | loss 3.2004
step 0140 | loss 2.2521
step 0160 | loss 0.7750
step 0180 | loss 2.6283
step 0200 | loss 2.1533
step 0220 | loss 4.9939
step 0240 | loss 7.8107
step 0260 | loss 1.7214
step 0280 | loss 4.1753
step 0300 | loss 5.6881
step 0320 | loss 3.7723
step 0340 | loss 0.7450
step 0360 | loss 5.2979
step 0380 | loss 1.3820
step 0400 | loss 3.7037
step 0420 | loss 2.0857
step 0440 | loss 4.0048
step 0460 | loss 2.5983
step 0480 | loss 1.3391
step 0500 | loss 3.8464
step 0520 | loss 3.3044
step 0540 | loss 0.9931
step 0560 | loss 3.0872
step 0580 | loss 2.9232
step 0600 | loss 3.7966
step 0620 | loss 1.0596
step 0640 | loss 0.7909
step 0660 | loss 1.9052
step 0680 | loss 0.8241
step 0700 | loss 2.1673
step 0720 | loss 4.3239
step 0740 | loss 1.3067
step 0760 | loss 2.3071
step 0780 | loss 1.6366
step 0800 | loss 1.3538
step 0820 | loss 1.1360
step 0840 | loss 0.9052
step 0860 | loss 4.9712
step 0880 | loss 3.4797
step 0900 | loss 8.1032
step 0920 | loss 1.0457
step 0940 | loss 2.4039
step 0960 | loss 2.1387
step 0980 | loss 3.6961
step 1000 | loss 0.9535
step 1020 | loss 1.9836
step 1040 | loss 2.6262
step 1060 | loss 1.5099
step 1080 | loss 6.2428
step 1100 | loss 1.8875
step 1120 | loss 1.4423
step 1140 | loss 1.6646
step 1160 | loss 2.0697
step 1180 | loss 1.8226
step 1200 | loss 1.5840
step 1220 | loss 5.6990
step 1240 | loss 4.9074
step 1260 | loss 3.8697
step 1280 | loss 0.8088
step 1300 | loss 0.9430
step 1320 | loss 1.6333
step 1340 | loss 1.3576
step 1360 | loss 3.9538
step 1380 | loss 2.7100
step 1400 | loss 3.8914
step 1420 | loss 5.2597
step 1440 | loss 3.9498
step 1460 | loss 2.0337
step 1480 | loss 4.1290
step 1500 | loss 3.8312
step 1520 | loss 1.9959
step 1540 | loss 4.8142
step 1560 | loss 3.5070
step 1580 | loss 1.0044
step 1600 | loss 2.1086
step 1620 | loss 1.7866
step 1640 | loss 3.8728
step 1660 | loss 1.1152
step 1680 | loss 6.4130
step 1700 | loss 4.0071
step 1720 | loss 1.4739
step 1740 | loss 3.9667
step 1760 | loss 0.5820
step 1780 | loss 1.9074
step 1800 | loss 1.8695
step 1820 | loss 5.2330
step 1840 | loss 6.9434
step 1860 | loss 1.3124
step 1880 | loss 1.7967
step 1900 | loss 4.2111
step 1920 | loss 5.9237
step 1940 | loss 0.9316
step 1960 | loss 2.2904
step 1980 | loss 1.4475
step 2000 | loss 5.0168
step 2020 | loss 3.1492
step 2040 | loss 1.8678
step 2060 | loss 1.8764
step 2080 | loss 5.2523
step 2100 | loss 4.8873
step 2120 | loss 8.8787
step 2140 | loss 5.7911
step 2160 | loss 4.4416
step 2180 | loss 4.0558
step 2200 | loss 5.1520
step 2220 | loss 12.7791
step 2240 | loss 4.2465
step 2260 | loss 2.1551
step 2280 | loss 3.6185
step 2300 | loss 7.5102
step 2320 | loss 1.5638
step 2340 | loss 2.1276
step 2360 | loss 1.9843
step 2380 | loss 2.5028
step 2400 | loss 2.1859
step 2420 | loss 10.4234
step 2440 | loss 2.7833
step 2460 | loss 1.9795
step 2480 | loss 3.7152
step 2500 | loss 2.7279
step 2520 | loss 5.0876
step 2540 | loss 5.8190
train loss:    2.9902
val loss:      4.1176
val si-RMSE:   0.7824

Epoch 5/10
step 0000 | loss 5.6574
step 0020 | loss 4.0366
step 0040 | loss 1.7508
step 0060 | loss 1.1623
step 0080 | loss 1.8600
step 0100 | loss 7.5659
step 0120 | loss 4.2281
step 0140 | loss 1.7261
step 0160 | loss 1.3509
step 0180 | loss 4.8155
step 0200 | loss 4.0906
step 0220 | loss 4.8551
step 0240 | loss 1.9310
step 0260 | loss 4.6494
step 0280 | loss 4.9774
step 0300 | loss 0.6946
step 0320 | loss 2.1160
step 0340 | loss 2.9777
step 0360 | loss 3.5211
step 0380 | loss 3.2031
step 0400 | loss 2.6559
step 0420 | loss 1.3823
step 0440 | loss 1.1531
step 0460 | loss 3.2523
step 0480 | loss 2.9515
step 0500 | loss 5.1663
step 0520 | loss 4.9036
step 0540 | loss 3.8205
step 0560 | loss 0.9663
step 0580 | loss 2.0435
step 0600 | loss 0.7868
step 0620 | loss 6.9762
step 0640 | loss 2.8549
step 0660 | loss 2.4343
step 0680 | loss 1.7673
step 0700 | loss 2.2990
step 0720 | loss 1.1760
step 0740 | loss 1.9086
step 0760 | loss 1.9958
step 0780 | loss 6.8758
step 0800 | loss 2.0266
step 0820 | loss 2.9330
step 0840 | loss 1.2038
step 0860 | loss 1.8797
step 0880 | loss 3.3872
step 0900 | loss 1.4634
step 0920 | loss 1.5504
step 0940 | loss 1.8907
step 0960 | loss 1.4850
step 0980 | loss 0.5982
step 1000 | loss 7.1772
step 1020 | loss 2.5101
step 1040 | loss 1.3452
step 1060 | loss 2.4330
step 1080 | loss 1.5629
step 1100 | loss 2.3805
step 1120 | loss 2.9064
step 1140 | loss 1.8595
step 1160 | loss 3.0623
step 1180 | loss 3.1666
step 1200 | loss 1.4281
step 1220 | loss 0.9567
step 1240 | loss 6.1540
step 1260 | loss 4.8028
step 1280 | loss 5.3271
step 1300 | loss 2.6258
step 1320 | loss 6.4610
step 1340 | loss 1.9309
step 1360 | loss 10.4572
step 1380 | loss 3.6179
step 1400 | loss 6.6404
step 1420 | loss 3.4799
step 1440 | loss 10.8799
step 1460 | loss 4.7158
step 1480 | loss 8.3240
step 1500 | loss 5.1115
step 1520 | loss 1.0705
step 1540 | loss 3.1503
step 1560 | loss 2.9699
step 1580 | loss 4.9582
step 1600 | loss 5.0211
step 1620 | loss 2.7063
step 1640 | loss 4.3889
step 1660 | loss 2.8807
step 1680 | loss 3.3582
step 1700 | loss 2.8972
step 1720 | loss 2.6704
step 1740 | loss 1.1132
step 1760 | loss 3.0157
step 1780 | loss 2.1413
step 1800 | loss 2.3369
step 1820 | loss 1.7456
step 1840 | loss 1.6181
step 1860 | loss 2.1072
step 1880 | loss 0.9057
step 1900 | loss 9.4039
step 1920 | loss 1.0073
step 1940 | loss 0.8798
step 1960 | loss 5.9869
step 1980 | loss 4.5526
step 2000 | loss 1.3049
step 2020 | loss 0.8939
step 2040 | loss 5.0770
step 2060 | loss 3.2248
step 2080 | loss 4.7493
step 2100 | loss 3.7577
step 2120 | loss 3.0590
step 2140 | loss 1.3036
step 2160 | loss 5.1162
step 2180 | loss 1.2998
step 2200 | loss 0.9338
step 2220 | loss 2.0768
step 2240 | loss 5.2692
step 2260 | loss 1.1132
step 2280 | loss 0.7755
step 2300 | loss 1.9416
step 2320 | loss 1.0798
step 2340 | loss 1.1585
step 2360 | loss 1.5704
step 2380 | loss 2.9417
step 2400 | loss 1.1134
step 2420 | loss 1.1142
step 2440 | loss 3.3477
step 2460 | loss 1.0990
step 2480 | loss 3.4893
step 2500 | loss 6.4203
step 2520 | loss 2.9474
step 2540 | loss 4.9411
train loss:    3.3236
val loss:      2.8434
val si-RMSE:   0.6100
saved new best checkpoint

Epoch 6/10
step 0000 | loss 2.9484
step 0020 | loss 1.1305
step 0040 | loss 0.8329
step 0060 | loss 3.2822
step 0080 | loss 2.2826
step 0100 | loss 3.8670
step 0120 | loss 0.4245
step 0140 | loss 2.5423
step 0160 | loss 6.3937
step 0180 | loss 1.7062
step 0200 | loss 5.5544
step 0220 | loss 1.2952
step 0240 | loss 3.2206
step 0260 | loss 4.6958
step 0280 | loss 1.3857
step 0300 | loss 8.1891
step 0320 | loss 1.4728
step 0340 | loss 1.6839
step 0360 | loss 1.3078
step 0380 | loss 2.6763
step 0400 | loss 5.9789
step 0420 | loss 4.0918
step 0440 | loss 1.0265
step 0460 | loss 1.3344
step 0480 | loss 1.5419
step 0500 | loss 4.1345
step 0520 | loss 2.8393
step 0540 | loss 2.1748
step 0560 | loss 4.7437
step 0580 | loss 5.5449
step 0600 | loss 2.2166
step 0620 | loss 0.7258
step 0640 | loss 1.2357
step 0660 | loss 2.9535
step 0680 | loss 1.9424
step 0700 | loss 2.5399
step 0720 | loss 1.4611
step 0740 | loss 1.2879
step 0760 | loss 1.6768
step 0780 | loss 3.7290
step 0800 | loss 0.6040
step 0820 | loss 6.2211
step 0840 | loss 4.3516
step 0860 | loss 1.7329
step 0880 | loss 5.5634
step 0900 | loss 1.1201
step 0920 | loss 3.1241
step 0940 | loss 6.5611
step 0960 | loss 6.2253
step 0980 | loss 1.3346
step 1000 | loss 3.6165
step 1020 | loss 2.5041
step 1040 | loss 1.3937
step 1060 | loss 1.6445
step 1080 | loss 3.3921
step 1100 | loss 0.8521
step 1120 | loss 4.5814
step 1140 | loss 3.1628
step 1160 | loss 1.5444
step 1180 | loss 7.2198
step 1200 | loss 2.0718
step 1220 | loss 1.7545
step 1240 | loss 0.7165
step 1260 | loss 0.6490
step 1280 | loss 2.4371
step 1300 | loss 2.3408
step 1320 | loss 2.4164
step 1340 | loss 2.5855
step 1360 | loss 2.8107
step 1380 | loss 1.5451
step 1400 | loss 11.0307
step 1420 | loss 2.1126
step 1440 | loss 3.1192
step 1460 | loss 0.9444
step 1480 | loss 2.4313
step 1500 | loss 2.3078
step 1520 | loss 1.5994
step 1540 | loss 7.0351
step 1560 | loss 4.9756
step 1580 | loss 0.5447
step 1600 | loss 1.6344
step 1620 | loss 3.0659
step 1640 | loss 3.2404
step 1660 | loss 1.1511
step 1680 | loss 1.9781
step 1700 | loss 1.1725
step 1720 | loss 1.9496
step 1740 | loss 3.4484
step 1760 | loss 1.0582
step 1780 | loss 3.0946
step 1800 | loss 3.7613
step 1820 | loss 3.1385
step 1840 | loss 1.3436
step 1860 | loss 2.9932
step 1880 | loss 2.9913
step 1900 | loss 0.9153
step 1920 | loss 1.1674
step 1940 | loss 1.7981
step 1960 | loss 0.7608
step 1980 | loss 2.8394
step 2000 | loss 1.3654
step 2020 | loss 7.4246
step 2040 | loss 4.5091
step 2060 | loss 3.0003
step 2080 | loss 0.9494
step 2100 | loss 5.7411
step 2120 | loss 2.3023
step 2140 | loss 3.9479
step 2160 | loss 1.0430
step 2180 | loss 4.2467
step 2200 | loss 4.2115
step 2220 | loss 1.0177
step 2240 | loss 1.7603
step 2260 | loss 1.6246
step 2280 | loss 2.7977
step 2300 | loss 2.9245
step 2320 | loss 3.6145
step 2340 | loss 2.5791
step 2360 | loss 1.8756
step 2380 | loss 6.4546
step 2400 | loss 1.6325
step 2420 | loss 1.9486
step 2440 | loss 1.7643
step 2460 | loss 0.5036
step 2480 | loss 3.5983
step 2500 | loss 3.5772
step 2520 | loss 4.9327
step 2540 | loss 3.9634
train loss:    3.0340
val loss:      3.4811
val si-RMSE:   0.7299

Epoch 7/10
step 0000 | loss 1.5240
step 0020 | loss 2.9355
step 0040 | loss 2.8084
step 0060 | loss 6.2146
step 0080 | loss 1.7735
step 0100 | loss 1.9952
step 0120 | loss 3.3238
step 0140 | loss 1.7621
step 0160 | loss 4.5211
step 0180 | loss 2.5691
step 0200 | loss 3.8396
step 0220 | loss 2.7042
step 0240 | loss 2.3249
step 0260 | loss 4.3148
step 0280 | loss 2.9258
step 0300 | loss 3.7084
step 0320 | loss 7.2127
step 0340 | loss 1.1851
step 0360 | loss 3.1808
step 0380 | loss 2.2003
step 0400 | loss 3.1739
step 0420 | loss 2.3635
step 0440 | loss 1.8048
step 0460 | loss 3.3019
step 0480 | loss 6.9555
step 0500 | loss 1.3505
step 0520 | loss 2.4401
step 0540 | loss 0.5609
step 0560 | loss 5.8183
step 0580 | loss 2.9394
step 0600 | loss 2.5610
step 0620 | loss 2.6639
step 0640 | loss 2.3629
step 0660 | loss 3.8863
step 0680 | loss 7.8721
step 0700 | loss 0.7670
step 0720 | loss 2.3544
step 0740 | loss 4.9754
step 0760 | loss 3.4012
step 0780 | loss 1.9518
step 0800 | loss 1.5011
step 0820 | loss 1.6635
step 0840 | loss 2.8533
step 0860 | loss 1.6945
step 0880 | loss 0.7474
step 0900 | loss 1.6604
step 0920 | loss 3.6816
step 0940 | loss 2.7732
step 0960 | loss 4.0034
step 0980 | loss 4.7073
step 1000 | loss 4.3742
step 1020 | loss 0.8506
step 1040 | loss 4.0900
step 1060 | loss 1.3019
step 1080 | loss 2.7203
step 1100 | loss 2.8140
step 1120 | loss 0.9017
step 1140 | loss 1.0766
step 1160 | loss 0.8978
step 1180 | loss 1.0108
step 1200 | loss 6.8156
step 1220 | loss 2.4224
step 1240 | loss 2.6816
step 1260 | loss 1.1891
step 1280 | loss 1.7516
step 1300 | loss 1.6411
step 1320 | loss 4.5443
step 1340 | loss 3.6115
step 1360 | loss 3.9336
step 1380 | loss 4.6918
step 1400 | loss 5.9493
step 1420 | loss 1.1002
step 1440 | loss 3.4944
step 1460 | loss 1.9572
step 1480 | loss 4.0285
step 1500 | loss 5.4284
step 1520 | loss 1.1600
step 1540 | loss 4.1246
step 1560 | loss 4.5398
step 1580 | loss 2.5399
step 1600 | loss 4.5014
step 1620 | loss 5.5543
step 1640 | loss 0.7088
step 1660 | loss 0.7305
step 1680 | loss 2.4228
step 1700 | loss 0.8113
step 1720 | loss 5.5507
step 1740 | loss 6.1520
step 1760 | loss 6.4407
step 1780 | loss 1.4208
step 1800 | loss 4.0094
step 1820 | loss 3.2822
step 1840 | loss 3.4429
step 1860 | loss 1.9905
step 1880 | loss 2.1995
step 1900 | loss 3.4951
step 1920 | loss 4.2561
step 1940 | loss 1.5756
step 1960 | loss 5.6496
step 1980 | loss 8.9617
step 2000 | loss 3.5255
step 2020 | loss 2.9071
step 2040 | loss 2.9407
step 2060 | loss 9.7912
step 2080 | loss 2.3041
step 2100 | loss 4.5799
step 2120 | loss 6.7360
step 2140 | loss 5.1997
step 2160 | loss 7.1486
step 2180 | loss 2.3748
step 2200 | loss 2.8298
step 2220 | loss 3.5431
step 2240 | loss 5.2570
step 2260 | loss 0.8268
step 2280 | loss 3.8706
step 2300 | loss 1.2427
step 2320 | loss 3.7701
step 2340 | loss 1.9810
step 2360 | loss 5.1615
step 2380 | loss 1.5798
step 2400 | loss 8.0989
step 2420 | loss 0.9422
step 2440 | loss 1.7297
step 2460 | loss 1.3232
step 2480 | loss 2.4476
step 2500 | loss 3.2641
step 2520 | loss 2.3781
step 2540 | loss 6.1431
train loss:    3.2748
val loss:      2.5264
val si-RMSE:   0.6002
saved new best checkpoint

Epoch 8/10
step 0000 | loss 1.5942
step 0020 | loss 2.6737
step 0040 | loss 2.6154
step 0060 | loss 2.8754
step 0080 | loss 1.0186
step 0100 | loss 5.4807
step 0120 | loss 3.5613
step 0140 | loss 4.9243
step 0160 | loss 0.8165
step 0180 | loss 2.2577
step 0200 | loss 6.2099
step 0220 | loss 8.4925
step 0240 | loss 2.3508
step 0260 | loss 2.4355
step 0280 | loss 2.1021
step 0300 | loss 2.1360
step 0320 | loss 2.0252
step 0340 | loss 6.0413
step 0360 | loss 1.6598
step 0380 | loss 4.1986
step 0400 | loss 2.3560
step 0420 | loss 2.3297
step 0440 | loss 2.0941
step 0460 | loss 5.6635
step 0480 | loss 1.5716
step 0500 | loss 6.2016
step 0520 | loss 2.2817
step 0540 | loss 3.7539
step 0560 | loss 1.9517
step 0580 | loss 1.3026
step 0600 | loss 5.4721
step 0620 | loss 2.8248
step 0640 | loss 7.1300
step 0660 | loss 3.3246
step 0680 | loss 1.4875
step 0700 | loss 2.7255
step 0720 | loss 5.5040
step 0740 | loss 3.7731
step 0760 | loss 2.2369
step 0780 | loss 1.9995
step 0800 | loss 10.8345
step 0820 | loss 11.2421
step 0840 | loss 9.5247
step 0860 | loss 13.8045
step 0880 | loss 6.6515
step 0900 | loss 3.8474
step 0920 | loss 0.9832
step 0940 | loss 1.5835
step 0960 | loss 4.7753
step 0980 | loss 1.5131
step 1000 | loss 6.3127
step 1020 | loss 1.1669
step 1040 | loss 5.2461
step 1060 | loss 3.2573
step 1080 | loss 1.6792
step 1100 | loss 4.7160
step 1120 | loss 5.3362
step 1140 | loss 5.3203
step 1160 | loss 1.6669
step 1180 | loss 2.9178
step 1200 | loss 6.3570
step 1220 | loss 7.0267
step 1240 | loss 6.1737
step 1260 | loss 2.3171
step 1280 | loss 5.8782
step 1300 | loss 3.8354
step 1320 | loss 2.0707
step 1340 | loss 3.2318
step 1360 | loss 6.1467
step 1380 | loss 1.0025
step 1400 | loss 7.1732
step 1420 | loss 4.4997
step 1440 | loss 6.3835
step 1460 | loss 9.5789
step 1480 | loss 0.8431
step 1500 | loss 1.9808
step 1520 | loss 1.3050
step 1540 | loss 5.6734
step 1560 | loss 2.2405
step 1580 | loss 4.1816
step 1600 | loss 5.5361
step 1620 | loss 5.1530
step 1640 | loss 2.2162
step 1660 | loss 7.6143
step 1680 | loss 11.4951
step 1700 | loss 1.5992
step 1720 | loss 2.5790
step 1740 | loss 4.7438
step 1760 | loss 2.5099
step 1780 | loss 5.6906
step 1800 | loss 4.6587
step 1820 | loss 2.8555
step 1840 | loss 6.4217
step 1860 | loss 2.4963
step 1880 | loss 3.4893
step 1900 | loss 10.2119
step 1920 | loss 4.2051
step 1940 | loss 3.1241
step 1960 | loss 1.3958
step 1980 | loss 4.8658
step 2000 | loss 4.6215
step 2020 | loss 6.2308
step 2040 | loss 2.6199
step 2060 | loss 4.7514
step 2080 | loss 0.7958
step 2100 | loss 9.0975
step 2120 | loss 2.9314
step 2140 | loss 3.5795
step 2160 | loss 2.3730
step 2180 | loss 6.8628
step 2200 | loss 1.4809
step 2220 | loss 2.8869
step 2240 | loss 4.2895
step 2260 | loss 1.6083
step 2280 | loss 3.5326
step 2300 | loss 4.7689
step 2320 | loss 2.9323
step 2340 | loss 4.9969
step 2360 | loss 2.3923
step 2380 | loss 8.6433
step 2400 | loss 2.5350
step 2420 | loss 5.9463
step 2440 | loss 2.6272
step 2460 | loss 4.8301
step 2480 | loss 2.0751
step 2500 | loss 1.1317
step 2520 | loss 7.7250
step 2540 | loss 0.8783
train loss:    4.1226
val loss:      3.3400
val si-RMSE:   0.7816

Epoch 9/10
step 0000 | loss 1.2817
step 0020 | loss 3.7530
step 0040 | loss 2.8791
step 0060 | loss 4.9140
step 0080 | loss 1.7743
step 0100 | loss 1.5602
step 0120 | loss 4.4322
step 0140 | loss 8.5572
step 0160 | loss 1.1643
step 0180 | loss 2.5802
step 0200 | loss 3.3977
step 0220 | loss 2.0702
step 0240 | loss 2.9394
step 0260 | loss 4.0519
step 0280 | loss 2.3978
step 0300 | loss 4.7878
step 0320 | loss 5.6350
step 0340 | loss 3.3843
step 0360 | loss 6.4072
step 0380 | loss 1.4258
step 0400 | loss 1.0790
step 0420 | loss 2.7821
step 0440 | loss 7.1732
step 0460 | loss 10.5698
step 0480 | loss 1.7972
step 0500 | loss 0.9691
step 0520 | loss 2.9717
step 0540 | loss 2.9373
step 0560 | loss 2.5558
step 0580 | loss 1.5163
step 0600 | loss 1.9817
step 0620 | loss 4.6570
step 0640 | loss 1.9083
step 0660 | loss 12.5553
step 0680 | loss 0.5730
step 0700 | loss 2.1889
step 0720 | loss 4.5173
step 0740 | loss 5.8499
step 0760 | loss 6.4929
step 0780 | loss 1.8908
step 0800 | loss 5.0916
step 0820 | loss 10.7505
step 0840 | loss 1.5937
step 0860 | loss 2.3272
step 0880 | loss 3.1922
step 0900 | loss 3.8531
step 0920 | loss 7.0934
step 0940 | loss 1.8343
step 0960 | loss 9.0026
step 0980 | loss 5.1620
step 1000 | loss 4.7077
step 1020 | loss 1.7817
step 1040 | loss 7.2859
step 1060 | loss 3.2285
step 1080 | loss 1.0681
step 1100 | loss 2.4353
step 1120 | loss 2.2925
step 1140 | loss 1.7211
step 1160 | loss 1.3276
step 1180 | loss 1.1196
step 1200 | loss 6.7597
step 1220 | loss 2.1742
step 1240 | loss 4.2373
step 1260 | loss 2.0648
step 1280 | loss 4.7724
step 1300 | loss 1.9942
step 1320 | loss 1.6482
step 1340 | loss 0.9665
step 1360 | loss 4.5648
step 1380 | loss 8.5899
step 1400 | loss 1.5726
step 1420 | loss 3.6302
step 1440 | loss 1.6565
step 1460 | loss 4.2612
step 1480 | loss 1.8575
step 1500 | loss 1.2697
step 1520 | loss 6.1606
step 1540 | loss 6.2846
step 1560 | loss 2.4703
step 1580 | loss 0.6267
step 1600 | loss 1.4059
step 1620 | loss 2.6431
step 1640 | loss 7.1823
step 1660 | loss 2.3092
step 1680 | loss 1.6358
step 1700 | loss 1.3750
step 1720 | loss 2.6948
step 1740 | loss 2.4258
step 1760 | loss 1.8863
step 1780 | loss 2.0347
step 1800 | loss 1.2781
step 1820 | loss 4.5212
step 1840 | loss 2.1364
step 1860 | loss 9.5108
step 1880 | loss 5.1204
step 1900 | loss 1.3654
step 1920 | loss 3.4298
step 1940 | loss 6.8076
step 1960 | loss 3.3755
step 1980 | loss 3.5263
step 2000 | loss 3.7625
step 2020 | loss 3.2732
step 2040 | loss 3.6815
step 2060 | loss 7.3337
step 2080 | loss 5.1864
step 2100 | loss 1.0097
step 2120 | loss 3.6999
step 2140 | loss 0.7590
step 2160 | loss 1.3607
step 2180 | loss 5.5820
step 2200 | loss 1.8351
step 2220 | loss 2.8901
step 2240 | loss 1.9647
step 2260 | loss 1.1276
step 2280 | loss 0.7491
step 2300 | loss 2.0254
step 2320 | loss 5.1535
step 2340 | loss 1.7105
step 2360 | loss 1.4376
step 2380 | loss 2.5181
step 2400 | loss 1.6681
step 2420 | loss 5.3560
step 2440 | loss 1.9548
step 2460 | loss 1.5646
step 2480 | loss 4.9127
step 2500 | loss 1.7454
step 2520 | loss 5.3204
step 2540 | loss 2.7198
train loss:    3.4854
val loss:      2.2696
val si-RMSE:   0.5785
saved new best checkpoint

Epoch 10/10
step 0000 | loss 1.9975
step 0020 | loss 3.2104
step 0040 | loss 2.2386
step 0060 | loss 2.9172
step 0080 | loss 4.2354
step 0100 | loss 1.0450
step 0120 | loss 9.2309
step 0140 | loss 1.0738
step 0160 | loss 2.0275
step 0180 | loss 5.6347
step 0200 | loss 7.7909
step 0220 | loss 5.4156
step 0240 | loss 8.1925
step 0260 | loss 4.7889
step 0280 | loss 2.9443
step 0300 | loss 0.9779
step 0320 | loss 1.0244
step 0340 | loss 3.5584
step 0360 | loss 4.4417
step 0380 | loss 1.6850
step 0400 | loss 2.5966
step 0420 | loss 2.5160
step 0440 | loss 7.2114
step 0460 | loss 2.9544
step 0480 | loss 5.1918
step 0500 | loss 2.9774
step 0520 | loss 3.1018
step 0540 | loss 0.6885
step 0560 | loss 4.3742
step 0580 | loss 0.7730
step 0600 | loss 2.4529
step 0620 | loss 1.6326
step 0640 | loss 3.3206
step 0660 | loss 0.8947
step 0680 | loss 0.9784
step 0700 | loss 1.1251
step 0720 | loss 2.3599
step 0740 | loss 11.4140
step 0760 | loss 4.1754
step 0780 | loss 5.2956
step 0800 | loss 1.6772
step 0820 | loss 0.8126
step 0840 | loss 0.8702
step 0860 | loss 2.1361
step 0880 | loss 2.4544
step 0900 | loss 1.2388
step 0920 | loss 3.3235
step 0940 | loss 1.4735
step 0960 | loss 3.2907
step 0980 | loss 1.3560
step 1000 | loss 1.6009
step 1020 | loss 3.3154
step 1040 | loss 5.4050
step 1060 | loss 2.4312
step 1080 | loss 4.5827
step 1100 | loss 1.7096
step 1120 | loss 2.0725
step 1140 | loss 1.4558
step 1160 | loss 0.9739
step 1180 | loss 2.4962
step 1200 | loss 4.2907
step 1220 | loss 4.1226
step 1240 | loss 4.0213
step 1260 | loss 1.3938
step 1280 | loss 1.2042
step 1300 | loss 3.2024
step 1320 | loss 2.2678
step 1340 | loss 3.2182
step 1360 | loss 2.2346
step 1380 | loss 1.1821
step 1400 | loss 2.3884
step 1420 | loss 0.8718
step 1440 | loss 2.7531
step 1460 | loss 6.5105
step 1480 | loss 1.0449
step 1500 | loss 4.3797
step 1520 | loss 1.8586
step 1540 | loss 3.5061
step 1560 | loss 2.3023
step 1580 | loss 1.1233
step 1600 | loss 0.9417
step 1620 | loss 1.4029
step 1640 | loss 1.3375
step 1660 | loss 2.5069
step 1680 | loss 0.8753
step 1700 | loss 3.0036
step 1720 | loss 3.8411
step 1740 | loss 0.7279
step 1760 | loss 1.1104
step 1780 | loss 0.7945
step 1800 | loss 1.5707
step 1820 | loss 3.1309
step 1840 | loss 2.6535
step 1860 | loss 3.3005
step 1880 | loss 4.8146
step 1900 | loss 1.0859
step 1920 | loss 6.7209
step 1940 | loss 1.2388
step 1960 | loss 2.4767
step 1980 | loss 4.7720
step 2000 | loss 3.5379
